{"data":{"metaobjectUpsert":{"metaobject":{"displayName":"Price drop main value"},"userErrors":[]}},"extensions":{"cost":{"actualQueryCost":10,"requestedQueryCost":10,"throttleStatus":{"currentlyAvailable":1990,"maximumAvailable":2000,"restoreRate":100}}},"level":"info","message":"metaobject updated:"}
{"data":{"drop_from":"9.0","drop_to":"20.0","newPrice":381.31,"productPrice":"459.96","randomPercentageGenerated":17.1},"level":"info","message":"Product variant price update values:"}
{"data":{"productVariantUpdate":{"productVariant":{"id":"gid://shopify/ProductVariant/48133132845365","price":"381.00","product":{"id":"gid://shopify/Product/9122452209973"}},"userErrors":[]}},"extensions":{"cost":{"actualQueryCost":11,"requestedQueryCost":11,"throttleStatus":{"currentlyAvailable":1989,"maximumAvailable":2000,"restoreRate":100}}},"level":"info","message":"Product variant updated successfully:"}
{"data":{"metaobjectUpsert":{"userErrors":[]}},"extensions":{"cost":{"actualQueryCost":10,"requestedQueryCost":10,"throttleStatus":{"currentlyAvailable":1990,"maximumAvailable":2000,"restoreRate":100}}},"level":"info","message":"metaobject updated:"}
{"data":{"drop_from":"11.0","drop_to":"20.0","newPrice":391.43,"productPrice":"459.96","randomPercentageGenerated":14.9},"level":"info","message":"Product variant price update values:"}
{"data":{"metaobjectUpsert":{"userErrors":[]}},"extensions":{"cost":{"actualQueryCost":10,"requestedQueryCost":10,"throttleStatus":{"currentlyAvailable":1990,"maximumAvailable":2000,"restoreRate":100}}},"level":"info","message":"metaobject updated:"}
{"data":{"productVariantUpdate":{"productVariant":{"id":"gid://shopify/ProductVariant/48133132845365","price":"391.00","product":{"id":"gid://shopify/Product/9122452209973"}},"userErrors":[]}},"extensions":{"cost":{"actualQueryCost":11,"requestedQueryCost":11,"throttleStatus":{"currentlyAvailable":1989,"maximumAvailable":2000,"restoreRate":100}}},"level":"info","message":"Product variant updated successfully:"}
{"data":{"drop_from":"11.0","drop_to":"20.0","newPrice":400.17,"productPrice":"459.96","randomPercentageGenerated":13},"level":"info","message":"Product variant price update values:"}
{"data":{"metaobjectUpsert":{"userErrors":[]}},"extensions":{"cost":{"actualQueryCost":10,"requestedQueryCost":10,"throttleStatus":{"currentlyAvailable":1990,"maximumAvailable":2000,"restoreRate":100}}},"level":"info","message":"metaobject updated:"}
{"data":{"productVariantUpdate":{"productVariant":{"id":"gid://shopify/ProductVariant/48133132845365","price":"400.00","product":{"id":"gid://shopify/Product/9122452209973"}},"userErrors":[]}},"extensions":{"cost":{"actualQueryCost":11,"requestedQueryCost":11,"throttleStatus":{"currentlyAvailable":1989,"maximumAvailable":2000,"restoreRate":100}}},"level":"info","message":"Product variant updated successfully:"}
{"data":{"drop_from":"11.0","drop_to":"20.0","newPrice":371.65,"productPrice":"459.96","randomPercentageGenerated":19.2},"level":"info","message":"Product variant price update values:"}
{"data":{"metaobjectUpsert":{"userErrors":[]}},"extensions":{"cost":{"actualQueryCost":10,"requestedQueryCost":10,"throttleStatus":{"currentlyAvailable":1990,"maximumAvailable":2000,"restoreRate":100}}},"level":"info","message":"metaobject updated:"}
{"data":{"productVariantUpdate":{"productVariant":{"id":"gid://shopify/ProductVariant/48133132845365","price":"371.00","product":{"id":"gid://shopify/Product/9122452209973"}},"userErrors":[]}},"extensions":{"cost":{"actualQueryCost":11,"requestedQueryCost":11,"throttleStatus":{"currentlyAvailable":1989,"maximumAvailable":2000,"restoreRate":100}}},"level":"info","message":"Product variant updated successfully:"}
{"data":{"drop_from":"11.0","drop_to":"20.0","newPrice":390.51,"productPrice":"459.96","randomPercentageGenerated":15.1},"level":"info","message":"Product variant price update values:"}
{"data":{"metaobjectUpsert":{"userErrors":[]}},"extensions":{"cost":{"actualQueryCost":10,"requestedQueryCost":10,"throttleStatus":{"currentlyAvailable":1990,"maximumAvailable":2000,"restoreRate":100}}},"level":"info","message":"metaobject updated:"}
{"data":{"productVariantUpdate":{"productVariant":{"id":"gid://shopify/ProductVariant/48133132845365","price":"390.00","product":{"id":"gid://shopify/Product/9122452209973"}},"userErrors":[]}},"extensions":{"cost":{"actualQueryCost":11,"requestedQueryCost":11,"throttleStatus":{"currentlyAvailable":1989,"maximumAvailable":2000,"restoreRate":100}}},"level":"info","message":"Product variant updated successfully:"}
{"data":{"drop_from":"11.0","drop_to":"20.0","newPrice":377.17,"productPrice":"459.96","randomPercentageGenerated":18},"level":"info","message":"Product variant price update values:"}
{"data":{"metaobjectUpsert":{"userErrors":[]}},"extensions":{"cost":{"actualQueryCost":10,"requestedQueryCost":10,"throttleStatus":{"currentlyAvailable":1990,"maximumAvailable":2000,"restoreRate":100}}},"level":"info","message":"metaobject updated:"}
{"data":{"productVariantUpdate":{"productVariant":{"id":"gid://shopify/ProductVariant/48133132845365","price":"377.00","product":{"id":"gid://shopify/Product/9122452209973"}},"userErrors":[]}},"extensions":{"cost":{"actualQueryCost":11,"requestedQueryCost":11,"throttleStatus":{"currentlyAvailable":1989,"maximumAvailable":2000,"restoreRate":100}}},"level":"info","message":"Product variant updated successfully:"}
{"data":{"drop_from":"11.0","drop_to":"20.0","newPrice":370.73,"productPrice":"459.96","randomPercentageGenerated":19.4},"level":"info","message":"Product variant price update values:"}
{"data":{"metaobjectUpsert":{"userErrors":[]}},"extensions":{"cost":{"actualQueryCost":10,"requestedQueryCost":10,"throttleStatus":{"currentlyAvailable":1990,"maximumAvailable":2000,"restoreRate":100}}},"level":"info","message":"metaobject updated:"}
{"data":{"productVariantUpdate":{"productVariant":{"id":"gid://shopify/ProductVariant/48133132845365","price":"370.00","product":{"id":"gid://shopify/Product/9122452209973"}},"userErrors":[]}},"extensions":{"cost":{"actualQueryCost":11,"requestedQueryCost":11,"throttleStatus":{"currentlyAvailable":1989,"maximumAvailable":2000,"restoreRate":100}}},"level":"info","message":"Product variant updated successfully:"}
{"data":{"metaobjectUpsert":{"userErrors":[]}},"extensions":{"cost":{"actualQueryCost":10,"requestedQueryCost":10,"throttleStatus":{"currentlyAvailable":1990,"maximumAvailable":2000,"restoreRate":100}}},"level":"info","message":"metaobject updated:"}
{"data":{"drop_from":"11.0","drop_to":"20.0","newPrice":375.79,"productPrice":"459.96","randomPercentageGenerated":18.3},"level":"info","message":"Product variant price update values:"}
{"data":{"metaobjectUpsert":{"userErrors":[]}},"extensions":{"cost":{"actualQueryCost":10,"requestedQueryCost":10,"throttleStatus":{"currentlyAvailable":1990,"maximumAvailable":2000,"restoreRate":100}}},"level":"info","message":"metaobject updated:"}
{"data":{"productVariantUpdate":{"productVariant":{"id":"gid://shopify/ProductVariant/48133132845365","price":"375.00","product":{"id":"gid://shopify/Product/9122452209973"}},"userErrors":[]}},"extensions":{"cost":{"actualQueryCost":11,"requestedQueryCost":11,"throttleStatus":{"currentlyAvailable":1989,"maximumAvailable":2000,"restoreRate":100}}},"level":"info","message":"Product variant updated successfully:"}
{"data":{"drop_from":"11.0","drop_to":"20.0","newPrice":408.9,"productPrice":"459.96","randomPercentageGenerated":11.1},"level":"info","message":"Product variant price update values:"}
{"data":{"metaobjectUpsert":{"userErrors":[]}},"extensions":{"cost":{"actualQueryCost":10,"requestedQueryCost":10,"throttleStatus":{"currentlyAvailable":1990,"maximumAvailable":2000,"restoreRate":100}}},"level":"info","message":"metaobject updated:"}
{"data":{"productVariantUpdate":{"productVariant":{"id":"gid://shopify/ProductVariant/48133132845365","price":"408.00","product":{"id":"gid://shopify/Product/9122452209973"}},"userErrors":[]}},"extensions":{"cost":{"actualQueryCost":11,"requestedQueryCost":11,"throttleStatus":{"currentlyAvailable":1989,"maximumAvailable":2000,"restoreRate":100}}},"level":"info","message":"Product variant updated successfully:"}
{"data":{"drop_from":"11.0","drop_to":"20.0","newPrice":379.01,"productPrice":"459.96","randomPercentageGenerated":17.6},"level":"info","message":"Product variant price update values:"}
{"data":{"metaobjectUpsert":{"userErrors":[]}},"extensions":{"cost":{"actualQueryCost":10,"requestedQueryCost":10,"throttleStatus":{"currentlyAvailable":1990,"maximumAvailable":2000,"restoreRate":100}}},"level":"info","message":"metaobject updated:"}
{"data":{"productVariantUpdate":{"productVariant":{"id":"gid://shopify/ProductVariant/48133132845365","price":"379.00","product":{"id":"gid://shopify/Product/9122452209973"}},"userErrors":[]}},"extensions":{"cost":{"actualQueryCost":11,"requestedQueryCost":11,"throttleStatus":{"currentlyAvailable":1989,"maximumAvailable":2000,"restoreRate":100}}},"level":"info","message":"Product variant updated successfully:"}
